Compiled jquery.js  (2ms)  (pid 32458)
Compiled jquery_ujs.js  (0ms)  (pid 32458)
Compiled bloggers.js  (306ms)  (pid 32458)
Compiled jMyCarousel.js  (0ms)  (pid 32458)
Compiled jMyCarousel.min.js  (0ms)  (pid 32458)
Compiled jMyCarousel.pack.js  (0ms)  (pid 32458)
Compiled jquery-1.2.1.min.js  (0ms)  (pid 32458)
Compiled jquery-1.2.1.pack.js  (0ms)  (pid 32458)
Compiled recipes.js  (74ms)  (pid 32458)
Compiled users.js  (74ms)  (pid 32458)
Compiled voters.js  (108ms)  (pid 32458)
Compiled application.js  (781ms)  (pid 32458)
Compiled bloggers.css  (25ms)  (pid 32458)
Compiled home.css  (16ms)  (pid 32458)
Compiled jMyCarousel.css  (0ms)  (pid 32458)
Compiled recipes.css  (10ms)  (pid 32458)
Compiled scaffolds.css  (11ms)  (pid 32458)
Compiled users.css  (1ms)  (pid 32458)
Compiled voters.css  (0ms)  (pid 32458)
Compiled application.css  (130ms)  (pid 32458)
Compiled jquery.js  (2ms)  (pid 32458)
Compiled jquery_ujs.js  (34ms)  (pid 32458)
Compiled bloggers.js  (82ms)  (pid 32458)
Compiled jMyCarousel.js  (0ms)  (pid 32458)
Compiled jMyCarousel.min.js  (0ms)  (pid 32458)
Compiled jMyCarousel.pack.js  (0ms)  (pid 32458)
Compiled jquery-1.2.1.min.js  (0ms)  (pid 32458)
Compiled jquery-1.2.1.pack.js  (0ms)  (pid 32458)
Compiled recipes.js  (71ms)  (pid 32458)
Compiled users.js  (70ms)  (pid 32458)
Compiled voters.js  (106ms)  (pid 32458)
Compiled application.js  (468ms)  (pid 32458)
Compiled bloggers.css  (8ms)  (pid 32458)
Compiled home.css  (15ms)  (pid 32458)
Compiled jMyCarousel.css  (0ms)  (pid 32458)
Compiled recipes.css  (10ms)  (pid 32458)
Compiled scaffolds.css  (11ms)  (pid 32458)
Compiled users.css  (1ms)  (pid 32458)
Compiled voters.css  (1ms)  (pid 32458)
Compiled application.css  (82ms)  (pid 32458)
